生成启动时间为 2015/4/15 22:36:16。
     1>项目“E:\Programs\Visual Studio 2013\HCI\HCI\HCI.vcxproj”在节点 2 上(Build 个目标)。
     1>CustomBuild:
         Moc'ing hci.h...
         Uic'ing hci.ui...
         Rcc'ing hci.qrc...
     1>RCC : warning : No resources in 'E:\Programs\Visual Studio 2013\HCI\HCI\hci.qrc'.
         
     1>C:\Program Files (x86)\MSBuild\Microsoft.Cpp\v4.0\V120\Microsoft.CppBuild.targets(935,5): warning MSB8027: Two or more files with the name of moc_hci.cpp will produce outputs to the same location. This can lead to an incorrect build result.  The files involved are GeneratedFiles\Debug\moc_hci.cpp, GeneratedFiles\Release\moc_hci.cpp.
       ClCompile:
         C:\Program Files (x86)\Microsoft Visual Studio 12.0\VC\bin\CL.exe /c /I.\GeneratedFiles /I. /IC:\Qt\Qt5.4.1\5.4\msvc2013_64_opengl\include /I.\GeneratedFiles\Debug /IC:\Qt\Qt5.4.1\5.4\msvc2013_64_opengl\include\QtCore /IC:\Qt\Qt5.4.1\5.4\msvc2013_64_opengl\include\QtGui /IC:\Qt\Qt5.4.1\5.4\msvc2013_64_opengl\include\QtWidgets /Zi /nologo /W1 /WX- /Od /Oy- /D UNICODE /D WIN32 /D WIN64 /D QT_DLL /D QT_CORE_LIB /D QT_GUI_LIB /D QT_WIDGETS_LIB /Gm- /EHsc /MDd /GS /fp:precise /Zc:wchar_t /Zc:forScope /Fo"Debug\\" /Fd"Debug\vc120.pdb" /Gd /TP /analyze- /errorReport:prompt GeneratedFiles\Debug\moc_hci.cpp hci.cpp main.cpp
         moc_hci.cpp
         hci.cpp
         main.cpp
         正在生成代码...
         C:\Program Files (x86)\Microsoft Visual Studio 12.0\VC\bin\CL.exe /c /I.\GeneratedFiles /I. /IC:\Qt\Qt5.4.1\5.4\msvc2013_64_opengl\include /I.\GeneratedFiles\Debug /IC:\Qt\Qt5.4.1\5.4\msvc2013_64_opengl\include\QtCore /IC:\Qt\Qt5.4.1\5.4\msvc2013_64_opengl\include\QtGui /IC:\Qt\Qt5.4.1\5.4\msvc2013_64_opengl\include\QtWidgets /Zi /nologo /W1 /WX- /Od /Oy- /D UNICODE /D WIN32 /D WIN64 /D QT_DLL /D QT_CORE_LIB /D QT_GUI_LIB /D QT_WIDGETS_LIB /Gm- /EHsc /MDd /GS /fp:precise /Zc:wchar_t /Zc:forScope /Fo"Debug\\" /Fd"Debug\vc120.pdb" /Gd /TP /analyze- /errorReport:prompt GeneratedFiles\qrc_hci.cpp
         qrc_hci.cpp
       Link:
         C:\Program Files (x86)\Microsoft Visual Studio 12.0\VC\bin\link.exe /ERRORREPORT:PROMPT /OUT:"E:\Programs\Visual Studio 2013\HCI\Win32\Debug\\HCI.exe" /NOLOGO /LIBPATH:C:\Qt\Qt5.4.1\5.4\msvc2013_64_opengl\lib qtmaind.lib Qt5Cored.lib Qt5Guid.lib Qt5Widgetsd.lib kernel32.lib user32.lib gdi32.lib winspool.lib comdlg32.lib advapi32.lib shell32.lib ole32.lib oleaut32.lib uuid.lib odbc32.lib odbccp32.lib /MANIFEST /MANIFESTUAC:"level='asInvoker' uiAccess='false'" /manifest:embed /DEBUG /PDB:"E:\Programs\Visual Studio 2013\HCI\Win32\Debug\HCI.pdb" /SUBSYSTEM:WINDOWS /TLBID:1 /DYNAMICBASE /NXCOMPAT /IMPLIB:"E:\Programs\Visual Studio 2013\HCI\Win32\Debug\HCI.lib" /MACHINE:X86 /SAFESEH Debug\moc_hci.obj
         Debug\qrc_hci.obj
         Debug\hci.obj
         Debug\main.obj
     1>Qt5Widgetsd.lib(Qt5Widgetsd.dll) : fatal error LNK1112: 模块计算机类型“x64”与目标计算机类型“X86”冲突
     1>已完成生成项目“E:\Programs\Visual Studio 2013\HCI\HCI\HCI.vcxproj”(Build 个目标)的操作 - 失败。

生成失败。

已用时间 00:00:11.00
